2026-04-23 01:27:56 | INFO     | mathart | Blackbox Flight Recorder installed — log_dir=/home/ubuntu/MarioTrickster-MathArt/logs, rotation=midnight, retention=7 days
2026-04-23 01:28:01 | INFO     | mathart | Blackbox Flight Recorder installed — log_dir=/home/ubuntu/MarioTrickster-MathArt/logs, rotation=midnight, retention=7 days
2026-04-23 01:28:01 | WARNING  | mathart.core.builtin_backends | [industrial_sprite] config warning: render.height=7 too small; clamping to 8
2026-04-23 01:29:05 | INFO     | mathart | Blackbox Flight Recorder installed — log_dir=/home/ubuntu/MarioTrickster-MathArt/logs, rotation=midnight, retention=7 days
2026-04-23 01:29:10 | INFO     | mathart | Blackbox Flight Recorder installed — log_dir=/home/ubuntu/MarioTrickster-MathArt/logs, rotation=midnight, retention=7 days
2026-04-23 01:29:15 | INFO     | mathart | Blackbox Flight Recorder installed — log_dir=/home/ubuntu/MarioTrickster-MathArt/logs, rotation=midnight, retention=7 days
2026-04-23 01:29:20 | INFO     | mathart | Blackbox Flight Recorder installed — log_dir=/home/ubuntu/MarioTrickster-MathArt/logs, rotation=midnight, retention=7 days
2026-04-23 01:29:25 | INFO     | mathart | Blackbox Flight Recorder installed — log_dir=/home/ubuntu/MarioTrickster-MathArt/logs, rotation=midnight, retention=7 days
2026-04-23 01:29:30 | INFO     | mathart | Blackbox Flight Recorder installed — log_dir=/home/ubuntu/MarioTrickster-MathArt/logs, rotation=midnight, retention=7 days
2026-04-23 01:29:35 | INFO     | mathart | Blackbox Flight Recorder installed — log_dir=/home/ubuntu/MarioTrickster-MathArt/logs, rotation=midnight, retention=7 days
2026-04-23 01:29:40 | INFO     | mathart | Blackbox Flight Recorder installed — log_dir=/home/ubuntu/MarioTrickster-MathArt/logs, rotation=midnight, retention=7 days
2026-04-23 01:29:40 | ERROR    | mathart.cli | CLI execution failed
Traceback (most recent call last):
  File "/home/ubuntu/MarioTrickster-MathArt/mathart/cli.py", line 387, in main
    return _command_run(args)
           ^^^^^^^^^^^^^^^^^^
  File "/home/ubuntu/MarioTrickster-MathArt/mathart/cli.py", line 333, in _command_run
    return _run_backend_and_emit(args.backend, context, output_dir)
           ^^^^^^^^^^^^^^^^^^^^^^^^^^^^^^^^^^^^^^^^^^^^^^^^^^^^^^^^
  File "/home/ubuntu/MarioTrickster-MathArt/mathart/cli.py", line 317, in _run_backend_and_emit
    manifest = pipeline.run_backend(backend_name, runtime_context)
               ^^^^^^^^^^^^^^^^^^^^^^^^^^^^^^^^^^^^^^^^^^^^^^^^^^^
  File "/home/ubuntu/MarioTrickster-MathArt/mathart/pipeline.py", line 388, in run_backend
    manifest = self._microkernel_bridge.run_backend(canonical_name, merged_context)
               ^^^^^^^^^^^^^^^^^^^^^^^^^^^^^^^^^^^^^^^^^^^^^^^^^^^^^^^^^^^^^^^^^^^^
  File "/home/ubuntu/MarioTrickster-MathArt/mathart/core/pipeline_bridge.py", line 204, in run_backend
    validated_ctx, config_warnings = instance.validate_config(context)
                                     ^^^^^^^^^^^^^^^^^^^^^^^^^^^^^^^^^
  File "/home/ubuntu/MarioTrickster-MathArt/mathart/core/builtin_backends.py", line 801, in validate_config
    raise PipelineContractError(
mathart.pipeline_contract.PipelineContractError: [PipelineContractError:render_dimensions_too_small] Render dimensions 32x32 are below the minimum 64x64 threshold. This would produce unusable color blocks that destroy downstream AI temporal attention. Provide dimensions >= 64x64.
2026-04-23 01:29:45 | INFO     | mathart | Blackbox Flight Recorder installed — log_dir=/home/ubuntu/MarioTrickster-MathArt/logs, rotation=midnight, retention=7 days
2026-04-23 01:29:46 | ERROR    | mathart.cli | CLI execution failed
Traceback (most recent call last):
  File "/home/ubuntu/MarioTrickster-MathArt/mathart/cli.py", line 387, in main
    return _command_run(args)
           ^^^^^^^^^^^^^^^^^^
  File "/home/ubuntu/MarioTrickster-MathArt/mathart/cli.py", line 333, in _command_run
    return _run_backend_and_emit(args.backend, context, output_dir)
           ^^^^^^^^^^^^^^^^^^^^^^^^^^^^^^^^^^^^^^^^^^^^^^^^^^^^^^^^
  File "/home/ubuntu/MarioTrickster-MathArt/mathart/cli.py", line 317, in _run_backend_and_emit
    manifest = pipeline.run_backend(backend_name, runtime_context)
               ^^^^^^^^^^^^^^^^^^^^^^^^^^^^^^^^^^^^^^^^^^^^^^^^^^^
  File "/home/ubuntu/MarioTrickster-MathArt/mathart/pipeline.py", line 388, in run_backend
    manifest = self._microkernel_bridge.run_backend(canonical_name, merged_context)
               ^^^^^^^^^^^^^^^^^^^^^^^^^^^^^^^^^^^^^^^^^^^^^^^^^^^^^^^^^^^^^^^^^^^^
  File "/home/ubuntu/MarioTrickster-MathArt/mathart/core/pipeline_bridge.py", line 204, in run_backend
    validated_ctx, config_warnings = instance.validate_config(context)
                                     ^^^^^^^^^^^^^^^^^^^^^^^^^^^^^^^^^
  File "/home/ubuntu/MarioTrickster-MathArt/mathart/core/builtin_backends.py", line 801, in validate_config
    raise PipelineContractError(
mathart.pipeline_contract.PipelineContractError: [PipelineContractError:render_dimensions_too_small] Render dimensions 32x32 are below the minimum 64x64 threshold. This would produce unusable color blocks that destroy downstream AI temporal attention. Provide dimensions >= 64x64.
2026-04-23 01:29:51 | INFO     | mathart | Blackbox Flight Recorder installed — log_dir=/home/ubuntu/MarioTrickster-MathArt/logs, rotation=midnight, retention=7 days
2026-04-23 01:29:51 | ERROR    | mathart.cli | CLI execution failed
Traceback (most recent call last):
  File "/home/ubuntu/MarioTrickster-MathArt/mathart/cli.py", line 387, in main
    return _command_run(args)
           ^^^^^^^^^^^^^^^^^^
  File "/home/ubuntu/MarioTrickster-MathArt/mathart/cli.py", line 333, in _command_run
    return _run_backend_and_emit(args.backend, context, output_dir)
           ^^^^^^^^^^^^^^^^^^^^^^^^^^^^^^^^^^^^^^^^^^^^^^^^^^^^^^^^
  File "/home/ubuntu/MarioTrickster-MathArt/mathart/cli.py", line 317, in _run_backend_and_emit
    manifest = pipeline.run_backend(backend_name, runtime_context)
               ^^^^^^^^^^^^^^^^^^^^^^^^^^^^^^^^^^^^^^^^^^^^^^^^^^^
  File "/home/ubuntu/MarioTrickster-MathArt/mathart/pipeline.py", line 388, in run_backend
    manifest = self._microkernel_bridge.run_backend(canonical_name, merged_context)
               ^^^^^^^^^^^^^^^^^^^^^^^^^^^^^^^^^^^^^^^^^^^^^^^^^^^^^^^^^^^^^^^^^^^^
  File "/home/ubuntu/MarioTrickster-MathArt/mathart/core/pipeline_bridge.py", line 204, in run_backend
    validated_ctx, config_warnings = instance.validate_config(context)
                                     ^^^^^^^^^^^^^^^^^^^^^^^^^^^^^^^^^
  File "/home/ubuntu/MarioTrickster-MathArt/mathart/core/builtin_backends.py", line 801, in validate_config
    raise PipelineContractError(
mathart.pipeline_contract.PipelineContractError: [PipelineContractError:render_dimensions_too_small] Render dimensions 32x32 are below the minimum 64x64 threshold. This would produce unusable color blocks that destroy downstream AI temporal attention. Provide dimensions >= 64x64.
2026-04-23 01:29:56 | INFO     | mathart | Blackbox Flight Recorder installed — log_dir=/home/ubuntu/MarioTrickster-MathArt/logs, rotation=midnight, retention=7 days
2026-04-23 01:29:57 | ERROR    | mathart.cli | CLI execution failed
Traceback (most recent call last):
  File "/home/ubuntu/MarioTrickster-MathArt/mathart/cli.py", line 387, in main
    return _command_run(args)
           ^^^^^^^^^^^^^^^^^^
  File "/home/ubuntu/MarioTrickster-MathArt/mathart/cli.py", line 333, in _command_run
    return _run_backend_and_emit(args.backend, context, output_dir)
           ^^^^^^^^^^^^^^^^^^^^^^^^^^^^^^^^^^^^^^^^^^^^^^^^^^^^^^^^
  File "/home/ubuntu/MarioTrickster-MathArt/mathart/cli.py", line 317, in _run_backend_and_emit
    manifest = pipeline.run_backend(backend_name, runtime_context)
               ^^^^^^^^^^^^^^^^^^^^^^^^^^^^^^^^^^^^^^^^^^^^^^^^^^^
  File "/home/ubuntu/MarioTrickster-MathArt/mathart/pipeline.py", line 388, in run_backend
    manifest = self._microkernel_bridge.run_backend(canonical_name, merged_context)
               ^^^^^^^^^^^^^^^^^^^^^^^^^^^^^^^^^^^^^^^^^^^^^^^^^^^^^^^^^^^^^^^^^^^^
  File "/home/ubuntu/MarioTrickster-MathArt/mathart/core/pipeline_bridge.py", line 204, in run_backend
    validated_ctx, config_warnings = instance.validate_config(context)
                                     ^^^^^^^^^^^^^^^^^^^^^^^^^^^^^^^^^
  File "/home/ubuntu/MarioTrickster-MathArt/mathart/core/builtin_backends.py", line 801, in validate_config
    raise PipelineContractError(
mathart.pipeline_contract.PipelineContractError: [PipelineContractError:render_dimensions_too_small] Render dimensions 32x32 are below the minimum 64x64 threshold. This would produce unusable color blocks that destroy downstream AI temporal attention. Provide dimensions >= 64x64.
2026-04-23 01:30:01 | INFO     | mathart | Blackbox Flight Recorder installed — log_dir=/home/ubuntu/MarioTrickster-MathArt/logs, rotation=midnight, retention=7 days
2026-04-23 01:30:02 | ERROR    | mathart.cli | CLI execution failed
Traceback (most recent call last):
  File "/home/ubuntu/MarioTrickster-MathArt/mathart/cli.py", line 387, in main
    return _command_run(args)
           ^^^^^^^^^^^^^^^^^^
  File "/home/ubuntu/MarioTrickster-MathArt/mathart/cli.py", line 333, in _command_run
    return _run_backend_and_emit(args.backend, context, output_dir)
           ^^^^^^^^^^^^^^^^^^^^^^^^^^^^^^^^^^^^^^^^^^^^^^^^^^^^^^^^
  File "/home/ubuntu/MarioTrickster-MathArt/mathart/cli.py", line 317, in _run_backend_and_emit
    manifest = pipeline.run_backend(backend_name, runtime_context)
               ^^^^^^^^^^^^^^^^^^^^^^^^^^^^^^^^^^^^^^^^^^^^^^^^^^^
  File "/home/ubuntu/MarioTrickster-MathArt/mathart/pipeline.py", line 388, in run_backend
    manifest = self._microkernel_bridge.run_backend(canonical_name, merged_context)
               ^^^^^^^^^^^^^^^^^^^^^^^^^^^^^^^^^^^^^^^^^^^^^^^^^^^^^^^^^^^^^^^^^^^^
  File "/home/ubuntu/MarioTrickster-MathArt/mathart/core/pipeline_bridge.py", line 204, in run_backend
    validated_ctx, config_warnings = instance.validate_config(context)
                                     ^^^^^^^^^^^^^^^^^^^^^^^^^^^^^^^^^
  File "/home/ubuntu/MarioTrickster-MathArt/mathart/core/builtin_backends.py", line 801, in validate_config
    raise PipelineContractError(
mathart.pipeline_contract.PipelineContractError: [PipelineContractError:render_dimensions_too_small] Render dimensions 32x32 are below the minimum 64x64 threshold. This would produce unusable color blocks that destroy downstream AI temporal attention. Provide dimensions >= 64x64.
2026-04-23 01:30:07 | INFO     | mathart | Blackbox Flight Recorder installed — log_dir=/home/ubuntu/MarioTrickster-MathArt/logs, rotation=midnight, retention=7 days
2026-04-23 01:30:07 | ERROR    | mathart.cli | CLI execution failed
Traceback (most recent call last):
  File "/home/ubuntu/MarioTrickster-MathArt/mathart/cli.py", line 387, in main
    return _command_run(args)
           ^^^^^^^^^^^^^^^^^^
  File "/home/ubuntu/MarioTrickster-MathArt/mathart/cli.py", line 333, in _command_run
    return _run_backend_and_emit(args.backend, context, output_dir)
           ^^^^^^^^^^^^^^^^^^^^^^^^^^^^^^^^^^^^^^^^^^^^^^^^^^^^^^^^
  File "/home/ubuntu/MarioTrickster-MathArt/mathart/cli.py", line 317, in _run_backend_and_emit
    manifest = pipeline.run_backend(backend_name, runtime_context)
               ^^^^^^^^^^^^^^^^^^^^^^^^^^^^^^^^^^^^^^^^^^^^^^^^^^^
  File "/home/ubuntu/MarioTrickster-MathArt/mathart/pipeline.py", line 388, in run_backend
    manifest = self._microkernel_bridge.run_backend(canonical_name, merged_context)
               ^^^^^^^^^^^^^^^^^^^^^^^^^^^^^^^^^^^^^^^^^^^^^^^^^^^^^^^^^^^^^^^^^^^^
  File "/home/ubuntu/MarioTrickster-MathArt/mathart/core/pipeline_bridge.py", line 204, in run_backend
    validated_ctx, config_warnings = instance.validate_config(context)
                                     ^^^^^^^^^^^^^^^^^^^^^^^^^^^^^^^^^
  File "/home/ubuntu/MarioTrickster-MathArt/mathart/core/builtin_backends.py", line 801, in validate_config
    raise PipelineContractError(
mathart.pipeline_contract.PipelineContractError: [PipelineContractError:render_dimensions_too_small] Render dimensions 32x32 are below the minimum 64x64 threshold. This would produce unusable color blocks that destroy downstream AI temporal attention. Provide dimensions >= 64x64.
2026-04-23 01:30:12 | INFO     | mathart | Blackbox Flight Recorder installed — log_dir=/home/ubuntu/MarioTrickster-MathArt/logs, rotation=midnight, retention=7 days
2026-04-23 01:30:12 | ERROR    | mathart.cli | CLI execution failed
Traceback (most recent call last):
  File "/home/ubuntu/MarioTrickster-MathArt/mathart/cli.py", line 387, in main
    return _command_run(args)
           ^^^^^^^^^^^^^^^^^^
  File "/home/ubuntu/MarioTrickster-MathArt/mathart/cli.py", line 333, in _command_run
    return _run_backend_and_emit(args.backend, context, output_dir)
           ^^^^^^^^^^^^^^^^^^^^^^^^^^^^^^^^^^^^^^^^^^^^^^^^^^^^^^^^
  File "/home/ubuntu/MarioTrickster-MathArt/mathart/cli.py", line 317, in _run_backend_and_emit
    manifest = pipeline.run_backend(backend_name, runtime_context)
               ^^^^^^^^^^^^^^^^^^^^^^^^^^^^^^^^^^^^^^^^^^^^^^^^^^^
  File "/home/ubuntu/MarioTrickster-MathArt/mathart/pipeline.py", line 388, in run_backend
    manifest = self._microkernel_bridge.run_backend(canonical_name, merged_context)
               ^^^^^^^^^^^^^^^^^^^^^^^^^^^^^^^^^^^^^^^^^^^^^^^^^^^^^^^^^^^^^^^^^^^^
  File "/home/ubuntu/MarioTrickster-MathArt/mathart/core/pipeline_bridge.py", line 204, in run_backend
    validated_ctx, config_warnings = instance.validate_config(context)
                                     ^^^^^^^^^^^^^^^^^^^^^^^^^^^^^^^^^
  File "/home/ubuntu/MarioTrickster-MathArt/mathart/core/builtin_backends.py", line 801, in validate_config
    raise PipelineContractError(
mathart.pipeline_contract.PipelineContractError: [PipelineContractError:render_dimensions_too_small] Render dimensions 32x32 are below the minimum 64x64 threshold. This would produce unusable color blocks that destroy downstream AI temporal attention. Provide dimensions >= 64x64.
2026-04-23 01:30:17 | INFO     | mathart | Blackbox Flight Recorder installed — log_dir=/home/ubuntu/MarioTrickster-MathArt/logs, rotation=midnight, retention=7 days
2026-04-23 01:30:17 | ERROR    | mathart.cli | CLI execution failed
Traceback (most recent call last):
  File "/home/ubuntu/MarioTrickster-MathArt/mathart/cli.py", line 387, in main
    return _command_run(args)
           ^^^^^^^^^^^^^^^^^^
  File "/home/ubuntu/MarioTrickster-MathArt/mathart/cli.py", line 333, in _command_run
    return _run_backend_and_emit(args.backend, context, output_dir)
           ^^^^^^^^^^^^^^^^^^^^^^^^^^^^^^^^^^^^^^^^^^^^^^^^^^^^^^^^
  File "/home/ubuntu/MarioTrickster-MathArt/mathart/cli.py", line 317, in _run_backend_and_emit
    manifest = pipeline.run_backend(backend_name, runtime_context)
               ^^^^^^^^^^^^^^^^^^^^^^^^^^^^^^^^^^^^^^^^^^^^^^^^^^^
  File "/home/ubuntu/MarioTrickster-MathArt/mathart/pipeline.py", line 388, in run_backend
    manifest = self._microkernel_bridge.run_backend(canonical_name, merged_context)
               ^^^^^^^^^^^^^^^^^^^^^^^^^^^^^^^^^^^^^^^^^^^^^^^^^^^^^^^^^^^^^^^^^^^^
  File "/home/ubuntu/MarioTrickster-MathArt/mathart/core/pipeline_bridge.py", line 204, in run_backend
    validated_ctx, config_warnings = instance.validate_config(context)
                                     ^^^^^^^^^^^^^^^^^^^^^^^^^^^^^^^^^
  File "/home/ubuntu/MarioTrickster-MathArt/mathart/core/builtin_backends.py", line 801, in validate_config
    raise PipelineContractError(
mathart.pipeline_contract.PipelineContractError: [PipelineContractError:render_dimensions_too_small] Render dimensions 32x32 are below the minimum 64x64 threshold. This would produce unusable color blocks that destroy downstream AI temporal attention. Provide dimensions >= 64x64.
2026-04-23 01:30:23 | INFO     | mathart | Blackbox Flight Recorder installed — log_dir=/home/ubuntu/MarioTrickster-MathArt/logs, rotation=midnight, retention=7 days
2026-04-23 01:30:23 | ERROR    | mathart.cli | CLI execution failed
Traceback (most recent call last):
  File "/home/ubuntu/MarioTrickster-MathArt/mathart/cli.py", line 387, in main
    return _command_run(args)
           ^^^^^^^^^^^^^^^^^^
  File "/home/ubuntu/MarioTrickster-MathArt/mathart/cli.py", line 333, in _command_run
    return _run_backend_and_emit(args.backend, context, output_dir)
           ^^^^^^^^^^^^^^^^^^^^^^^^^^^^^^^^^^^^^^^^^^^^^^^^^^^^^^^^
  File "/home/ubuntu/MarioTrickster-MathArt/mathart/cli.py", line 317, in _run_backend_and_emit
    manifest = pipeline.run_backend(backend_name, runtime_context)
               ^^^^^^^^^^^^^^^^^^^^^^^^^^^^^^^^^^^^^^^^^^^^^^^^^^^
  File "/home/ubuntu/MarioTrickster-MathArt/mathart/pipeline.py", line 388, in run_backend
    manifest = self._microkernel_bridge.run_backend(canonical_name, merged_context)
               ^^^^^^^^^^^^^^^^^^^^^^^^^^^^^^^^^^^^^^^^^^^^^^^^^^^^^^^^^^^^^^^^^^^^
  File "/home/ubuntu/MarioTrickster-MathArt/mathart/core/pipeline_bridge.py", line 204, in run_backend
    validated_ctx, config_warnings = instance.validate_config(context)
                                     ^^^^^^^^^^^^^^^^^^^^^^^^^^^^^^^^^
  File "/home/ubuntu/MarioTrickster-MathArt/mathart/core/builtin_backends.py", line 801, in validate_config
    raise PipelineContractError(
mathart.pipeline_contract.PipelineContractError: [PipelineContractError:render_dimensions_too_small] Render dimensions 32x32 are below the minimum 64x64 threshold. This would produce unusable color blocks that destroy downstream AI temporal attention. Provide dimensions >= 64x64.
2026-04-23 01:30:28 | INFO     | mathart | Blackbox Flight Recorder installed — log_dir=/home/ubuntu/MarioTrickster-MathArt/logs, rotation=midnight, retention=7 days
2026-04-23 01:30:33 | INFO     | mathart | Blackbox Flight Recorder installed — log_dir=/home/ubuntu/MarioTrickster-MathArt/logs, rotation=midnight, retention=7 days
2026-04-23 01:30:34 | ERROR    | mathart.cli | CLI execution failed
Traceback (most recent call last):
  File "/home/ubuntu/MarioTrickster-MathArt/mathart/cli.py", line 387, in main
    return _command_run(args)
           ^^^^^^^^^^^^^^^^^^
  File "/home/ubuntu/MarioTrickster-MathArt/mathart/cli.py", line 333, in _command_run
    return _run_backend_and_emit(args.backend, context, output_dir)
           ^^^^^^^^^^^^^^^^^^^^^^^^^^^^^^^^^^^^^^^^^^^^^^^^^^^^^^^^
  File "/home/ubuntu/MarioTrickster-MathArt/mathart/cli.py", line 317, in _run_backend_and_emit
    manifest = pipeline.run_backend(backend_name, runtime_context)
               ^^^^^^^^^^^^^^^^^^^^^^^^^^^^^^^^^^^^^^^^^^^^^^^^^^^
  File "/home/ubuntu/MarioTrickster-MathArt/mathart/pipeline.py", line 388, in run_backend
    manifest = self._microkernel_bridge.run_backend(canonical_name, merged_context)
               ^^^^^^^^^^^^^^^^^^^^^^^^^^^^^^^^^^^^^^^^^^^^^^^^^^^^^^^^^^^^^^^^^^^^
  File "/home/ubuntu/MarioTrickster-MathArt/mathart/core/pipeline_bridge.py", line 204, in run_backend
    validated_ctx, config_warnings = instance.validate_config(context)
                                     ^^^^^^^^^^^^^^^^^^^^^^^^^^^^^^^^^
  File "/home/ubuntu/MarioTrickster-MathArt/mathart/core/builtin_backends.py", line 801, in validate_config
    raise PipelineContractError(
mathart.pipeline_contract.PipelineContractError: [PipelineContractError:render_dimensions_too_small] Render dimensions 32x32 are below the minimum 64x64 threshold. This would produce unusable color blocks that destroy downstream AI temporal attention. Provide dimensions >= 64x64.
2026-04-23 01:30:39 | INFO     | mathart | Blackbox Flight Recorder installed — log_dir=/home/ubuntu/MarioTrickster-MathArt/logs, rotation=midnight, retention=7 days
2026-04-23 01:30:45 | INFO     | mathart | Blackbox Flight Recorder installed — log_dir=/home/ubuntu/MarioTrickster-MathArt/logs, rotation=midnight, retention=7 days
2026-04-23 01:30:45 | ERROR    | mathart.cli | CLI execution failed
Traceback (most recent call last):
  File "/home/ubuntu/MarioTrickster-MathArt/mathart/cli.py", line 387, in main
    return _command_run(args)
           ^^^^^^^^^^^^^^^^^^
  File "/home/ubuntu/MarioTrickster-MathArt/mathart/cli.py", line 333, in _command_run
    return _run_backend_and_emit(args.backend, context, output_dir)
           ^^^^^^^^^^^^^^^^^^^^^^^^^^^^^^^^^^^^^^^^^^^^^^^^^^^^^^^^
  File "/home/ubuntu/MarioTrickster-MathArt/mathart/cli.py", line 317, in _run_backend_and_emit
    manifest = pipeline.run_backend(backend_name, runtime_context)
               ^^^^^^^^^^^^^^^^^^^^^^^^^^^^^^^^^^^^^^^^^^^^^^^^^^^
  File "/home/ubuntu/MarioTrickster-MathArt/mathart/pipeline.py", line 388, in run_backend
    manifest = self._microkernel_bridge.run_backend(canonical_name, merged_context)
               ^^^^^^^^^^^^^^^^^^^^^^^^^^^^^^^^^^^^^^^^^^^^^^^^^^^^^^^^^^^^^^^^^^^^
  File "/home/ubuntu/MarioTrickster-MathArt/mathart/core/pipeline_bridge.py", line 204, in run_backend
    validated_ctx, config_warnings = instance.validate_config(context)
                                     ^^^^^^^^^^^^^^^^^^^^^^^^^^^^^^^^^
  File "/home/ubuntu/MarioTrickster-MathArt/mathart/core/builtin_backends.py", line 801, in validate_config
    raise PipelineContractError(
mathart.pipeline_contract.PipelineContractError: [PipelineContractError:render_dimensions_too_small] Render dimensions 32x32 are below the minimum 64x64 threshold. This would produce unusable color blocks that destroy downstream AI temporal attention. Provide dimensions >= 64x64.
2026-04-23 01:30:50 | INFO     | mathart | Blackbox Flight Recorder installed — log_dir=/home/ubuntu/MarioTrickster-MathArt/logs, rotation=midnight, retention=7 days
2026-04-23 01:30:55 | INFO     | mathart | Blackbox Flight Recorder installed — log_dir=/home/ubuntu/MarioTrickster-MathArt/logs, rotation=midnight, retention=7 days
